{"contracts/Voting.sol":{"l":{"45":48,"46":47,"54":1,"58":3,"65":36,"66":35,"68":34,"69":34,"76":26,"77":26,"80":26,"81":26,"82":26,"85":26,"91":17,"92":16,"93":15,"95":14,"96":14,"97":14,"99":14,"106":17,"107":17,"109":17,"110":17,"111":17,"113":17,"117":14,"118":13,"119":13,"123":10,"124":10,"125":10,"129":4,"130":4,"131":4,"136":4,"137":2,"138":2,"139":6,"140":2,"143":2,"145":2,"146":2},"path":"/Users/souhailsouid/VotingProject/contracts/Voting.sol","s":{"1":48,"2":1,"3":3,"4":36,"5":35,"6":34,"7":26,"8":26,"9":26,"10":26,"11":26,"12":17,"13":16,"14":15,"15":14,"16":17,"17":17,"18":17,"19":17,"20":14,"21":13,"22":10,"23":10,"24":4,"25":4,"26":4,"27":2,"28":2,"29":6,"30":2},"b":{"1":[47,1],"2":[1,0],"3":[3,0],"4":[36,1],"5":[35,1],"6":[34,1],"7":[26,1],"8":[26,0],"9":[26,0],"10":[17,0],"11":[16,1],"12":[15,1],"13":[14,1],"14":[17,1],"15":[17,0],"16":[14,1],"17":[13,1],"18":[10,1],"19":[10,0],"20":[4,1],"21":[4,0],"22":[4,1],"23":[2,2],"24":[2,4]},"f":{"1":1,"2":48,"3":1,"4":3,"5":36,"6":26,"7":17,"8":17,"9":14,"10":10,"11":4,"12":4},"fnMap":{"1":{"name":"constructor","line":42,"loc":{"start":{"line":42,"column":4},"end":{"line":42,"column":43}}},"2":{"name":"onlyVoters","line":44,"loc":{"start":{"line":44,"column":4},"end":{"line":47,"column":4}}},"3":{"name":"getVoter","line":53,"loc":{"start":{"line":53,"column":4},"end":{"line":55,"column":4}}},"4":{"name":"getOneProposal","line":57,"loc":{"start":{"line":57,"column":4},"end":{"line":59,"column":4}}},"5":{"name":"addVoter","line":64,"loc":{"start":{"line":64,"column":4},"end":{"line":70,"column":4}}},"6":{"name":"addProposal","line":75,"loc":{"start":{"line":75,"column":4},"end":{"line":86,"column":4}}},"7":{"name":"setVote","line":90,"loc":{"start":{"line":90,"column":4},"end":{"line":100,"column":4}}},"8":{"name":"startProposalsRegistering","line":105,"loc":{"start":{"line":105,"column":4},"end":{"line":114,"column":4}}},"9":{"name":"endProposalsRegistering","line":116,"loc":{"start":{"line":116,"column":4},"end":{"line":120,"column":4}}},"10":{"name":"startVotingSession","line":122,"loc":{"start":{"line":122,"column":4},"end":{"line":126,"column":4}}},"11":{"name":"endVotingSession","line":128,"loc":{"start":{"line":128,"column":4},"end":{"line":132,"column":4}}},"12":{"name":"tallyVotes","line":135,"loc":{"start":{"line":135,"column":3},"end":{"line":147,"column":4}}}},"statementMap":{"1":{"start":{"line":45,"column":8},"end":{"line":45,"column":69}},"2":{"start":{"line":54,"column":8},"end":{"line":54,"column":28}},"3":{"start":{"line":58,"column":8},"end":{"line":58,"column":34}},"4":{"start":{"line":65,"column":8},"end":{"line":65,"column":105}},"5":{"start":{"line":66,"column":8},"end":{"line":66,"column":72}},"6":{"start":{"line":69,"column":8},"end":{"line":69,"column":35}},"7":{"start":{"line":76,"column":8},"end":{"line":76,"column":110}},"8":{"start":{"line":77,"column":8},"end":{"line":77,"column":112}},"9":{"start":{"line":80,"column":8},"end":{"line":80,"column":32}},"10":{"start":{"line":82,"column":8},"end":{"line":82,"column":36}},"11":{"start":{"line":85,"column":8},"end":{"line":85,"column":56}},"12":{"start":{"line":91,"column":8},"end":{"line":91,"column":106}},"13":{"start":{"line":92,"column":8},"end":{"line":92,"column":77}},"14":{"start":{"line":93,"column":8},"end":{"line":93,"column":65}},"15":{"start":{"line":99,"column":8},"end":{"line":99,"column":35}},"16":{"start":{"line":106,"column":8},"end":{"line":106,"column":111}},"17":{"start":{"line":109,"column":8},"end":{"line":109,"column":32}},"18":{"start":{"line":111,"column":8},"end":{"line":111,"column":36}},"19":{"start":{"line":113,"column":8},"end":{"line":113,"column":112}},"20":{"start":{"line":117,"column":8},"end":{"line":117,"column":121}},"21":{"start":{"line":119,"column":8},"end":{"line":119,"column":121}},"22":{"start":{"line":123,"column":8},"end":{"line":123,"column":122}},"23":{"start":{"line":125,"column":8},"end":{"line":125,"column":113}},"24":{"start":{"line":129,"column":8},"end":{"line":129,"column":106}},"25":{"start":{"line":131,"column":8},"end":{"line":131,"column":105}},"26":{"start":{"line":136,"column":7},"end":{"line":136,"column":112}},"27":{"start":{"line":137,"column":7},"end":{"line":137,"column":30}},"28":{"start":{"line":138,"column":6},"end":{"line":138,"column":4918}},"29":{"start":{"line":139,"column":11},"end":{"line":139,"column":4986}},"30":{"start":{"line":146,"column":7},"end":{"line":146,"column":96}}},"branchMap":{"1":{"line":45,"type":"if","locations":[{"start":{"line":45,"column":8},"end":{"line":45,"column":8}},{"start":{"line":45,"column":8},"end":{"line":45,"column":8}}]},"2":{"line":53,"type":"if","locations":[{"start":{"line":53,"column":46},"end":{"line":53,"column":46}},{"start":{"line":53,"column":46},"end":{"line":53,"column":46}}]},"3":{"line":57,"type":"if","locations":[{"start":{"line":57,"column":47},"end":{"line":57,"column":47}},{"start":{"line":57,"column":47},"end":{"line":57,"column":47}}]},"4":{"line":64,"type":"if","locations":[{"start":{"line":64,"column":46},"end":{"line":64,"column":46}},{"start":{"line":64,"column":46},"end":{"line":64,"column":46}}]},"5":{"line":65,"type":"if","locations":[{"start":{"line":65,"column":8},"end":{"line":65,"column":8}},{"start":{"line":65,"column":8},"end":{"line":65,"column":8}}]},"6":{"line":66,"type":"if","locations":[{"start":{"line":66,"column":8},"end":{"line":66,"column":8}},{"start":{"line":66,"column":8},"end":{"line":66,"column":8}}]},"7":{"line":75,"type":"if","locations":[{"start":{"line":75,"column":57},"end":{"line":75,"column":57}},{"start":{"line":75,"column":57},"end":{"line":75,"column":57}}]},"8":{"line":76,"type":"if","locations":[{"start":{"line":76,"column":8},"end":{"line":76,"column":8}},{"start":{"line":76,"column":8},"end":{"line":76,"column":8}}]},"9":{"line":77,"type":"if","locations":[{"start":{"line":77,"column":8},"end":{"line":77,"column":8}},{"start":{"line":77,"column":8},"end":{"line":77,"column":8}}]},"10":{"line":90,"type":"if","locations":[{"start":{"line":90,"column":41},"end":{"line":90,"column":41}},{"start":{"line":90,"column":41},"end":{"line":90,"column":41}}]},"11":{"line":91,"type":"if","locations":[{"start":{"line":91,"column":8},"end":{"line":91,"column":8}},{"start":{"line":91,"column":8},"end":{"line":91,"column":8}}]},"12":{"line":92,"type":"if","locations":[{"start":{"line":92,"column":8},"end":{"line":92,"column":8}},{"start":{"line":92,"column":8},"end":{"line":92,"column":8}}]},"13":{"line":93,"type":"if","locations":[{"start":{"line":93,"column":8},"end":{"line":93,"column":8}},{"start":{"line":93,"column":8},"end":{"line":93,"column":8}}]},"14":{"line":105,"type":"if","locations":[{"start":{"line":105,"column":50},"end":{"line":105,"column":50}},{"start":{"line":105,"column":50},"end":{"line":105,"column":50}}]},"15":{"line":106,"type":"if","locations":[{"start":{"line":106,"column":8},"end":{"line":106,"column":8}},{"start":{"line":106,"column":8},"end":{"line":106,"column":8}}]},"16":{"line":116,"type":"if","locations":[{"start":{"line":116,"column":48},"end":{"line":116,"column":48}},{"start":{"line":116,"column":48},"end":{"line":116,"column":48}}]},"17":{"line":117,"type":"if","locations":[{"start":{"line":117,"column":8},"end":{"line":117,"column":8}},{"start":{"line":117,"column":8},"end":{"line":117,"column":8}}]},"18":{"line":122,"type":"if","locations":[{"start":{"line":122,"column":43},"end":{"line":122,"column":43}},{"start":{"line":122,"column":43},"end":{"line":122,"column":43}}]},"19":{"line":123,"type":"if","locations":[{"start":{"line":123,"column":8},"end":{"line":123,"column":8}},{"start":{"line":123,"column":8},"end":{"line":123,"column":8}}]},"20":{"line":128,"type":"if","locations":[{"start":{"line":128,"column":41},"end":{"line":128,"column":41}},{"start":{"line":128,"column":41},"end":{"line":128,"column":41}}]},"21":{"line":129,"type":"if","locations":[{"start":{"line":129,"column":8},"end":{"line":129,"column":8}},{"start":{"line":129,"column":8},"end":{"line":129,"column":8}}]},"22":{"line":135,"type":"if","locations":[{"start":{"line":135,"column":34},"end":{"line":135,"column":34}},{"start":{"line":135,"column":34},"end":{"line":135,"column":34}}]},"23":{"line":136,"type":"if","locations":[{"start":{"line":136,"column":7},"end":{"line":136,"column":7}},{"start":{"line":136,"column":7},"end":{"line":136,"column":7}}]},"24":{"line":139,"type":"if","locations":[{"start":{"line":139,"column":11},"end":{"line":139,"column":11}},{"start":{"line":139,"column":11},"end":{"line":139,"column":11}}]}}}}