{"contracts/Lock.sol":{"l":{"14":0,"16":0,"17":0,"24":0,"25":0,"27":0,"29":0},"path":"/Users/alexandreborel/Programmation/alyra-projects/project2/contracts/Lock.sol","s":{"1":0,"2":0,"3":0,"4":0,"5":0},"b":{"1":[0,0],"2":[0,0],"3":[0,0]},"f":{"1":0,"2":0},"fnMap":{"1":{"name":"constructor","line":13,"loc":{"start":{"line":13,"column":4},"end":{"line":18,"column":4}}},"2":{"name":"withdraw","line":20,"loc":{"start":{"line":20,"column":4},"end":{"line":30,"column":4}}}},"statementMap":{"1":{"start":{"line":14,"column":8},"end":{"line":14,"column":84}},"2":{"start":{"line":24,"column":8},"end":{"line":24,"column":71}},"3":{"start":{"line":25,"column":8},"end":{"line":25,"column":59}},"4":{"start":{"line":27,"column":8},"end":{"line":27,"column":63}},"5":{"start":{"line":29,"column":8},"end":{"line":29,"column":44}}},"branchMap":{"1":{"line":14,"type":"if","locations":[{"start":{"line":14,"column":8},"end":{"line":14,"column":8}},{"start":{"line":14,"column":8},"end":{"line":14,"column":8}}]},"2":{"line":24,"type":"if","locations":[{"start":{"line":24,"column":8},"end":{"line":24,"column":8}},{"start":{"line":24,"column":8},"end":{"line":24,"column":8}}]},"3":{"line":25,"type":"if","locations":[{"start":{"line":25,"column":8},"end":{"line":25,"column":8}},{"start":{"line":25,"column":8},"end":{"line":25,"column":8}}]}}},"contracts/voting.sol":{"l":{"41":31,"42":27,"50":3,"54":4,"60":16,"61":15,"63":14,"64":14,"70":11,"71":10,"74":9,"75":9,"76":9,"78":9,"84":9,"85":8,"86":7,"88":6,"89":6,"90":6,"92":6,"98":13,"99":12,"101":12,"102":12,"103":12,"105":12,"109":7,"113":6,"114":6,"121":6,"125":5,"126":5,"130":3,"131":2,"132":2,"136":2,"137":1,"138":1,"139":4,"140":1,"143":1,"145":1,"146":1},"path":"/Users/alexandreborel/Programmation/alyra-projects/project2/contracts/voting.sol","s":{"1":31,"2":3,"3":4,"4":16,"5":15,"6":14,"7":11,"8":10,"9":9,"10":9,"11":9,"12":9,"13":8,"14":7,"15":6,"16":13,"17":12,"18":12,"19":12,"20":7,"21":6,"22":6,"23":5,"24":3,"25":2,"26":2,"27":1,"28":1,"29":4,"30":1},"b":{"1":[27,4],"2":[3,1],"3":[4,1],"4":[16,0],"5":[15,1],"6":[14,1],"7":[11,1],"8":[10,1],"9":[9,1],"10":[9,1],"11":[8,1],"12":[7,1],"13":[6,1],"14":[13,1],"15":[12,1],"16":[7,1],"17":[6,1],"18":[6,1],"19":[5,1],"20":[3,1],"21":[2,1],"22":[2,1],"23":[1,1],"24":[1,3]},"f":{"1":9,"2":31,"3":3,"4":4,"5":16,"6":11,"7":9,"8":13,"9":7,"10":6,"11":3,"12":2},"fnMap":{"1":{"name":"constructor","line":38,"loc":{"start":{"line":38,"column":4},"end":{"line":38,"column":39}}},"2":{"name":"onlyVoters","line":40,"loc":{"start":{"line":40,"column":4},"end":{"line":43,"column":4}}},"3":{"name":"getVoter","line":49,"loc":{"start":{"line":49,"column":4},"end":{"line":51,"column":4}}},"4":{"name":"getOneProposal","line":53,"loc":{"start":{"line":53,"column":4},"end":{"line":55,"column":4}}},"5":{"name":"addVoter","line":59,"loc":{"start":{"line":59,"column":4},"end":{"line":65,"column":4}}},"6":{"name":"addProposal","line":69,"loc":{"start":{"line":69,"column":4},"end":{"line":79,"column":4}}},"7":{"name":"setVote","line":83,"loc":{"start":{"line":83,"column":4},"end":{"line":93,"column":4}}},"8":{"name":"startProposalsRegistering","line":97,"loc":{"start":{"line":97,"column":4},"end":{"line":106,"column":4}}},"9":{"name":"endProposalsRegistering","line":108,"loc":{"start":{"line":108,"column":4},"end":{"line":118,"column":4}}},"10":{"name":"startVotingSession","line":120,"loc":{"start":{"line":120,"column":4},"end":{"line":127,"column":4}}},"11":{"name":"endVotingSession","line":129,"loc":{"start":{"line":129,"column":4},"end":{"line":133,"column":4}}},"12":{"name":"tallyVotes","line":135,"loc":{"start":{"line":135,"column":4},"end":{"line":147,"column":4}}}},"statementMap":{"1":{"start":{"line":41,"column":8},"end":{"line":41,"column":69}},"2":{"start":{"line":50,"column":8},"end":{"line":50,"column":28}},"3":{"start":{"line":54,"column":8},"end":{"line":54,"column":34}},"4":{"start":{"line":60,"column":8},"end":{"line":60,"column":105}},"5":{"start":{"line":61,"column":8},"end":{"line":61,"column":72}},"6":{"start":{"line":64,"column":8},"end":{"line":64,"column":35}},"7":{"start":{"line":70,"column":8},"end":{"line":70,"column":110}},"8":{"start":{"line":71,"column":8},"end":{"line":71,"column":112}},"9":{"start":{"line":74,"column":8},"end":{"line":74,"column":32}},"10":{"start":{"line":76,"column":8},"end":{"line":76,"column":36}},"11":{"start":{"line":78,"column":8},"end":{"line":78,"column":58}},"12":{"start":{"line":84,"column":8},"end":{"line":84,"column":106}},"13":{"start":{"line":85,"column":8},"end":{"line":85,"column":77}},"14":{"start":{"line":86,"column":8},"end":{"line":86,"column":65}},"15":{"start":{"line":92,"column":8},"end":{"line":92,"column":35}},"16":{"start":{"line":98,"column":8},"end":{"line":98,"column":111}},"17":{"start":{"line":101,"column":8},"end":{"line":101,"column":32}},"18":{"start":{"line":103,"column":8},"end":{"line":103,"column":36}},"19":{"start":{"line":105,"column":8},"end":{"line":105,"column":112}},"20":{"start":{"line":109,"column":8},"end":{"line":109,"column":3643}},"21":{"start":{"line":114,"column":8},"end":{"line":114,"column":3870}},"22":{"start":{"line":121,"column":8},"end":{"line":121,"column":4088}},"23":{"start":{"line":126,"column":8},"end":{"line":126,"column":113}},"24":{"start":{"line":130,"column":8},"end":{"line":130,"column":106}},"25":{"start":{"line":132,"column":8},"end":{"line":132,"column":105}},"26":{"start":{"line":136,"column":8},"end":{"line":136,"column":113}},"27":{"start":{"line":137,"column":8},"end":{"line":137,"column":31}},"28":{"start":{"line":138,"column":8},"end":{"line":138,"column":4963}},"29":{"start":{"line":139,"column":12},"end":{"line":139,"column":5033}},"30":{"start":{"line":146,"column":8},"end":{"line":146,"column":97}}},"branchMap":{"1":{"line":41,"type":"if","locations":[{"start":{"line":41,"column":8},"end":{"line":41,"column":8}},{"start":{"line":41,"column":8},"end":{"line":41,"column":8}}]},"2":{"line":49,"type":"if","locations":[{"start":{"line":49,"column":51},"end":{"line":49,"column":51}},{"start":{"line":49,"column":51},"end":{"line":49,"column":51}}]},"3":{"line":53,"type":"if","locations":[{"start":{"line":53,"column":52},"end":{"line":53,"column":52}},{"start":{"line":53,"column":52},"end":{"line":53,"column":52}}]},"4":{"line":59,"type":"if","locations":[{"start":{"line":59,"column":46},"end":{"line":59,"column":46}},{"start":{"line":59,"column":46},"end":{"line":59,"column":46}}]},"5":{"line":60,"type":"if","locations":[{"start":{"line":60,"column":8},"end":{"line":60,"column":8}},{"start":{"line":60,"column":8},"end":{"line":60,"column":8}}]},"6":{"line":61,"type":"if","locations":[{"start":{"line":61,"column":8},"end":{"line":61,"column":8}},{"start":{"line":61,"column":8},"end":{"line":61,"column":8}}]},"7":{"line":69,"type":"if","locations":[{"start":{"line":69,"column":57},"end":{"line":69,"column":57}},{"start":{"line":69,"column":57},"end":{"line":69,"column":57}}]},"8":{"line":70,"type":"if","locations":[{"start":{"line":70,"column":8},"end":{"line":70,"column":8}},{"start":{"line":70,"column":8},"end":{"line":70,"column":8}}]},"9":{"line":71,"type":"if","locations":[{"start":{"line":71,"column":8},"end":{"line":71,"column":8}},{"start":{"line":71,"column":8},"end":{"line":71,"column":8}}]},"10":{"line":83,"type":"if","locations":[{"start":{"line":83,"column":40},"end":{"line":83,"column":40}},{"start":{"line":83,"column":40},"end":{"line":83,"column":40}}]},"11":{"line":84,"type":"if","locations":[{"start":{"line":84,"column":8},"end":{"line":84,"column":8}},{"start":{"line":84,"column":8},"end":{"line":84,"column":8}}]},"12":{"line":85,"type":"if","locations":[{"start":{"line":85,"column":8},"end":{"line":85,"column":8}},{"start":{"line":85,"column":8},"end":{"line":85,"column":8}}]},"13":{"line":86,"type":"if","locations":[{"start":{"line":86,"column":8},"end":{"line":86,"column":8}},{"start":{"line":86,"column":8},"end":{"line":86,"column":8}}]},"14":{"line":97,"type":"if","locations":[{"start":{"line":97,"column":50},"end":{"line":97,"column":50}},{"start":{"line":97,"column":50},"end":{"line":97,"column":50}}]},"15":{"line":98,"type":"if","locations":[{"start":{"line":98,"column":8},"end":{"line":98,"column":8}},{"start":{"line":98,"column":8},"end":{"line":98,"column":8}}]},"16":{"line":108,"type":"if","locations":[{"start":{"line":108,"column":48},"end":{"line":108,"column":48}},{"start":{"line":108,"column":48},"end":{"line":108,"column":48}}]},"17":{"line":109,"type":"if","locations":[{"start":{"line":109,"column":8},"end":{"line":109,"column":8}},{"start":{"line":109,"column":8},"end":{"line":109,"column":8}}]},"18":{"line":120,"type":"if","locations":[{"start":{"line":120,"column":43},"end":{"line":120,"column":43}},{"start":{"line":120,"column":43},"end":{"line":120,"column":43}}]},"19":{"line":121,"type":"if","locations":[{"start":{"line":121,"column":8},"end":{"line":121,"column":8}},{"start":{"line":121,"column":8},"end":{"line":121,"column":8}}]},"20":{"line":129,"type":"if","locations":[{"start":{"line":129,"column":41},"end":{"line":129,"column":41}},{"start":{"line":129,"column":41},"end":{"line":129,"column":41}}]},"21":{"line":130,"type":"if","locations":[{"start":{"line":130,"column":8},"end":{"line":130,"column":8}},{"start":{"line":130,"column":8},"end":{"line":130,"column":8}}]},"22":{"line":135,"type":"if","locations":[{"start":{"line":135,"column":35},"end":{"line":135,"column":35}},{"start":{"line":135,"column":35},"end":{"line":135,"column":35}}]},"23":{"line":136,"type":"if","locations":[{"start":{"line":136,"column":8},"end":{"line":136,"column":8}},{"start":{"line":136,"column":8},"end":{"line":136,"column":8}}]},"24":{"line":139,"type":"if","locations":[{"start":{"line":139,"column":12},"end":{"line":139,"column":12}},{"start":{"line":139,"column":12},"end":{"line":139,"column":12}}]}}}}