TN:
SF:/Users/souhailsouid/VotingProject/contracts/Voting.sol
FN:42,constructor
FN:44,onlyVoters
FN:53,getVoter
FN:57,getOneProposal
FN:64,addVoter
FN:75,addProposal
FN:90,setVote
FN:105,startProposalsRegistering
FN:116,endProposalsRegistering
FN:122,startVotingSession
FN:128,endVotingSession
FN:135,tallyVotes
FNF:12
FNH:12
FNDA:1,constructor
FNDA:48,onlyVoters
FNDA:1,getVoter
FNDA:3,getOneProposal
FNDA:36,addVoter
FNDA:26,addProposal
FNDA:17,setVote
FNDA:17,startProposalsRegistering
FNDA:14,endProposalsRegistering
FNDA:10,startVotingSession
FNDA:4,endVotingSession
FNDA:4,tallyVotes
DA:45,48
DA:46,47
DA:54,1
DA:58,3
DA:65,36
DA:66,35
DA:68,34
DA:69,34
DA:76,26
DA:77,26
DA:80,26
DA:81,26
DA:82,26
DA:85,26
DA:91,17
DA:92,16
DA:93,15
DA:95,14
DA:96,14
DA:97,14
DA:99,14
DA:106,17
DA:107,17
DA:109,17
DA:110,17
DA:111,17
DA:113,17
DA:117,14
DA:118,13
DA:119,13
DA:123,10
DA:124,10
DA:125,10
DA:129,4
DA:130,4
DA:131,4
DA:136,4
DA:137,2
DA:138,2
DA:139,6
DA:140,2
DA:143,2
DA:145,2
DA:146,2
LF:44
LH:44
BRDA:45,1,0,47
BRDA:45,1,1,1
BRDA:53,2,0,1
BRDA:53,2,1,0
BRDA:57,3,0,3
BRDA:57,3,1,0
BRDA:64,4,0,36
BRDA:64,4,1,1
BRDA:65,5,0,35
BRDA:65,5,1,1
BRDA:66,6,0,34
BRDA:66,6,1,1
BRDA:75,7,0,26
BRDA:75,7,1,1
BRDA:76,8,0,26
BRDA:76,8,1,0
BRDA:77,9,0,26
BRDA:77,9,1,0
BRDA:90,10,0,17
BRDA:90,10,1,0
BRDA:91,11,0,16
BRDA:91,11,1,1
BRDA:92,12,0,15
BRDA:92,12,1,1
BRDA:93,13,0,14
BRDA:93,13,1,1
BRDA:105,14,0,17
BRDA:105,14,1,1
BRDA:106,15,0,17
BRDA:106,15,1,0
BRDA:116,16,0,14
BRDA:116,16,1,1
BRDA:117,17,0,13
BRDA:117,17,1,1
BRDA:122,18,0,10
BRDA:122,18,1,1
BRDA:123,19,0,10
BRDA:123,19,1,0
BRDA:128,20,0,4
BRDA:128,20,1,1
BRDA:129,21,0,4
BRDA:129,21,1,0
BRDA:135,22,0,4
BRDA:135,22,1,1
BRDA:136,23,0,2
BRDA:136,23,1,2
BRDA:139,24,0,2
BRDA:139,24,1,4
BRF:48
BRH:40
end_of_record
